c:\users\kyle coop\source\ical-win32\x64\debug\vc143.pdb
c:\users\kyle coop\source\ical-win32\x64\debug\vc143.idb
c:\users\kyle coop\source\ical-win32\x64\debug\dispatch.obj
c:\users\kyle coop\source\ical-win32\x64\debug\smallintset.obj
c:\users\kyle coop\source\ical-win32\x64\debug\options.obj
c:\users\kyle coop\source\ical-win32\x64\debug\arrays.obj
c:\users\kyle coop\source\ical-win32\x64\debug\testoset.obj
c:\users\kyle coop\source\ical-win32\x64\debug\testbv.obj
c:\users\kyle coop\source\ical-win32\x64\debug\testarray.obj
c:\users\kyle coop\source\ical-win32\x64\debug\hashfuncs.obj
c:\users\kyle coop\source\ical-win32\x64\debug\bitvec.obj
c:\users\kyle coop\source\ical-win32\x64\debug\year.obj
c:\users\kyle coop\source\ical-win32\x64\debug\weekday.obj
c:\users\kyle coop\source\ical-win32\x64\debug\month.obj
c:\users\kyle coop\source\ical-win32\x64\debug\arrays.nativecodeanalysis.xml
c:\users\kyle coop\source\ical-win32\x64\debug\dispatch.nativecodeanalysis.xml
c:\users\kyle coop\source\ical-win32\x64\debug\options.nativecodeanalysis.xml
c:\users\kyle coop\source\ical-win32\x64\debug\smallintset.nativecodeanalysis.xml
c:\users\kyle coop\source\ical-win32\x64\debug\ical-win32.tlog\cl.command.1.tlog
c:\users\kyle coop\source\ical-win32\x64\debug\ical-win32.tlog\cl.read.1.tlog
c:\users\kyle coop\source\ical-win32\x64\debug\ical-win32.tlog\cl.write.1.tlog
