  arrays.cpp
  calendar.cpp
C:\Users\Kyle Coop\source\ical-win32\time\Time_.h(7,10): fatal  error C1083: Cannot open include file: 'sys/time.h': No such file or directory
  calfile.cpp
C:\Users\Kyle Coop\source\ical-win32\calendar\calfile.cpp(4,10): fatal  error C1083: Cannot open include file: 'sys/file.h': No such file or directory
  dateset.cpp
C:\Users\Kyle Coop\source\ical-win32\time\Time_.h(7,10): fatal  error C1083: Cannot open include file: 'sys/time.h': No such file or directory
  dstest.cpp
C:\Users\Kyle Coop\source\ical-win32\calendar\dstest.cpp(17,10): fatal  error C1083: Cannot open include file: 'unistd.h': No such file or directory
  item.cpp
C:\Users\Kyle Coop\source\ical-win32\calendar\item.cpp(6,10): fatal  error C1083: Cannot open include file: 'unistd.h': No such file or directory
  lexer.cpp
C:\Users\Kyle Coop\source\ical-win32\calendar\lexer.cpp(7,10): fatal  error C1083: Cannot open include file: 'unistd.h': No such file or directory
  misc.cpp
C:\Users\Kyle Coop\source\ical-win32\calendar\misc.cpp(5,10): fatal  error C1083: Cannot open include file: 'pwd.h': No such file or directory
  options.cpp
  smallintset.cpp
  uid.cpp
C:\Users\Kyle Coop\source\ical-win32\calendar\uid.cpp(2,10): fatal  error C1083: Cannot open include file: 'sys/param.h': No such file or directory
  cal_tcl.cpp
C:\Users\Kyle Coop\source\ical-win32\time\Time_.h(7,10): fatal  error C1083: Cannot open include file: 'sys/time.h': No such file or directory
  dateeditor.cpp
C:\Users\Kyle Coop\source\ical-win32\time\Time_.h(7,10): fatal  error C1083: Cannot open include file: 'sys/time.h': No such file or directory
  dispatch.cpp
  ical.cpp
C:\Users\Kyle Coop\source\ical-win32\time\Time_.h(7,10): fatal  error C1083: Cannot open include file: 'sys/time.h': No such file or directory
  ical_tcl.cpp
C:\Users\Kyle Coop\source\ical-win32\time\Time_.h(7,10): fatal  error C1083: Cannot open include file: 'sys/time.h': No such file or directory
  item_tcl.cpp
C:\Users\Kyle Coop\source\ical-win32\time\Time_.h(7,10): fatal  error C1083: Cannot open include file: 'sys/time.h': No such file or directory
  main.cpp
C:\Users\Kyle Coop\source\ical-win32\main.cpp(183,24): warning C4267: '+=': conversion from 'size_t' to 'int', possible loss of data
C:\Users\Kyle Coop\source\ical-win32\main.cpp(192,24): warning C4267: '+=': conversion from 'size_t' to 'int', possible loss of data
C:\Users\Kyle Coop\source\ical-win32\main.cpp(191,9): error C4996: 'strcpy': This function or variable may be unsafe. Consider using strcpy_s instead. To disable deprecation, use _CRT_SECURE_NO_WARNINGS. See online help for details.
  object.cpp
C:\Users\Kyle Coop\source\ical-win32\object.cpp(18,5): error C4996: 'sprintf': This function or variable may be unsafe. Consider using sprintf_s instead. To disable deprecation, use _CRT_SECURE_NO_WARNINGS. See online help for details.
C:\Users\Kyle Coop\source\ical-win32\object.cpp(28,5): error C4996: 'strcpy': This function or variable may be unsafe. Consider using strcpy_s instead. To disable deprecation, use _CRT_SECURE_NO_WARNINGS. See online help for details.
C:\Users\Kyle Coop\source\ical-win32\object.cpp(31,5): error C4996: 'strcpy': This function or variable may be unsafe. Consider using strcpy_s instead. To disable deprecation, use _CRT_SECURE_NO_WARNINGS. See online help for details.
  Date.cpp
C:\Users\Kyle Coop\source\ical-win32\time\Time_.h(7,10): fatal  error C1083: Cannot open include file: 'sys/time.h': No such file or directory
  Generating Code...
  Compiling...
  Month.cpp
  parse.cpp
C:\Users\Kyle Coop\source\ical-win32\time\Time_.h(7,10): fatal  error C1083: Cannot open include file: 'sys/time.h': No such file or directory
  testparse.cpp
C:\Users\Kyle Coop\source\ical-win32\time\Time_.h(7,10): fatal  error C1083: Cannot open include file: 'sys/time.h': No such file or directory
  Time.cpp
C:\Users\Kyle Coop\source\ical-win32\time\Time_.h(7,10): fatal  error C1083: Cannot open include file: 'sys/time.h': No such file or directory
  WeekDay.cpp
  Year.cpp
  time_tcl.cpp
C:\Users\Kyle Coop\source\ical-win32\time\Time_.h(7,10): fatal  error C1083: Cannot open include file: 'sys/time.h': No such file or directory
  bitvec.cpp
  hashfuncs.cpp
C:\Users\Kyle Coop\source\ical-win32\types\hashfuncs.cpp(23,28): warning C4311: 'type cast': pointer truncation from 'void *' to 'unsigned long'
C:\Users\Kyle Coop\source\ical-win32\types\hashfuncs.cpp(23,28): warning C4302: 'type cast': truncation from 'void *' to 'unsigned long'
  hspeed.cpp
C:\Users\Kyle Coop\source\ical-win32\types\hspeed.cpp(10,10): fatal  error C1083: Cannot open include file: 'sys/time.h': No such file or directory
  intset.cpp
C:\Users\Kyle Coop\source\ical-win32\types\htable_p.h(16,10): fatal  error C1083: Cannot open include file: 'unistd.h': No such file or directory
  testarray.cpp
  testbv.cpp
  testhash.cpp
C:\Users\Kyle Coop\source\ical-win32\types\htable_p.h(16,10): fatal  error C1083: Cannot open include file: 'unistd.h': No such file or directory
  testmap.cpp
C:\Users\Kyle Coop\source\ical-win32\types\htable_p.h(16,10): fatal  error C1083: Cannot open include file: 'unistd.h': No such file or directory
  testomap.cpp
C:\Users\Kyle Coop\source\ical-win32\types\testomap.cpp(547,13): error C4996: 'sprintf': This function or variable may be unsafe. Consider using sprintf_s instead. To disable deprecation, use _CRT_SECURE_NO_WARNINGS. See online help for details.
C:\Users\Kyle Coop\source\ical-win32\types\testomap.cpp(556,13): error C4996: 'sprintf': This function or variable may be unsafe. Consider using sprintf_s instead. To disable deprecation, use _CRT_SECURE_NO_WARNINGS. See online help for details.
C:\Users\Kyle Coop\source\ical-win32\types\testomap.cpp(576,13): error C4996: 'sprintf': This function or variable may be unsafe. Consider using sprintf_s instead. To disable deprecation, use _CRT_SECURE_NO_WARNINGS. See online help for details.
C:\Users\Kyle Coop\source\ical-win32\types\testomap.cpp(585,13): error C4996: 'sprintf': This function or variable may be unsafe. Consider using sprintf_s instead. To disable deprecation, use _CRT_SECURE_NO_WARNINGS. See online help for details.
  testoset.cpp
  timemap.cpp
C:\Users\Kyle Coop\source\ical-win32\types\timemap.cpp(22,10): fatal  error C1083: Cannot open include file: 'sys/time.h': No such file or directory
  Generating Code...
